19:53:04 **** Incremental Build of configuration Debug for project Licznik ****
make -r -j16 all 
Building target: Licznik.axf
Invoking: MCU Linker
arm-none-eabi-gcc -nostdlib -L"C:\Users\student\Desktop\embedded_systems-main\Lib_CMSISv1p30_LPC17xx\Debug" -L"C:\Users\student\Desktop\embedded_systems-main\Lib_EaBaseBoard\Debug" -L"C:\Users\student\Desktop\embedded_systems-main\Lib_MCU\Debug" -Xlinker --gc-sections -Xlinker -Map=Licznik.map -mcpu=cortex-m3 -mthumb -T "Licznik_Debug.ld" -o "Licznik.axf"  ./src/cr_startup_lpc17.o ./src/eeprom.o ./src/enet.o ./src/ethernet.o ./src/ff.o ./src/httpd.o ./src/lpc17xx_spi.o ./src/lwip_fs.o ./src/main.o ./src/mmc.o  ./lwip/src/netif/etharp.o ./lwip/src/netif/ethernetif.o  ./lwip/src/core/ipv4/autoip.o ./lwip/src/core/ipv4/icmp.o ./lwip/src/core/ipv4/igmp.o ./lwip/src/core/ipv4/inet.o ./lwip/src/core/ipv4/inet_chksum.o ./lwip/src/core/ipv4/ip.o ./lwip/src/core/ipv4/ip_addr.o ./lwip/src/core/ipv4/ip_frag.o  ./lwip/src/core/def.o ./lwip/src/core/dhcp.o ./lwip/src/core/dns.o ./lwip/src/core/init.o ./lwip/src/core/mem.o ./lwip/src/core/memp.o ./lwip/src/core/netif.o ./lwip/src/core/pbuf.o ./lwip/src/core/raw.o ./lwip/src/core/stats.o ./lwip/src/core/sys.o ./lwip/src/core/tcp.o ./lwip/src/core/tcp_in.o ./lwip/src/core/tcp_out.o ./lwip/src/core/timers.o ./lwip/src/core/udp.o  ./lwip/src/arch/lpc17xx_40xx_emac.o ./lwip/src/arch/lpc17xx_40xx_systick_arch.o ./lwip/src/arch/lpc_debug.o  ./lwip/src/api/api_lib.o ./lwip/src/api/api_msg.o ./lwip/src/api/err.o ./lwip/src/api/netbuf.o ./lwip/src/api/netdb.o ./lwip/src/api/netifapi.o ./lwip/src/api/sockets.o ./lwip/src/api/tcpip.o   -lCMSISv1p30_LPC17xx -lLib_EaBaseBoard -lLib_MCU
c:/nxp/mcuxpressoide_11.3.1_5262/ide/plugins/com.nxp.mcuxpresso.tools.win32_11.3.0.202008311133/tools/bin/../lib/gcc/arm-none-eabi/9.3.1/../../../../arm-none-eabi/bin/ld.exe: ./src/main.o:C:\Users\student\Documents\Licznik\Licznik\Debug/../src/../inc/enet.h:626: multiple definition of `ethbroadcast'; ./src/enet.o:C:\Users\student\Documents\Licznik\Licznik\Debug/../src/../inc/enet.h:626: first defined here
c:/nxp/mcuxpressoide_11.3.1_5262/ide/plugins/com.nxp.mcuxpresso.tools.win32_11.3.0.202008311133/tools/bin/../lib/gcc/arm-none-eabi/9.3.1/../../../../arm-none-eabi/bin/ld.exe: ./src/main.o:C:\Users\student\Documents\Licznik\Licznik\Debug/../src/../inc/enet.h:627: multiple definition of `ethzero'; ./src/enet.o:C:\Users\student\Documents\Licznik\Licznik\Debug/../src/../inc/enet.h:627: first defined here
c:/nxp/mcuxpressoide_11.3.1_5262/ide/plugins/com.nxp.mcuxpresso.tools.win32_11.3.0.202008311133/tools/bin/../lib/gcc/arm-none-eabi/9.3.1/../../../../arm-none-eabi/bin/ld.exe: ./src/enet.o: in function `lpc_etharp_output':
C:\Users\student\Documents\Licznik\Licznik\Debug/../src/enet.c:26: undefined reference to `etharp_output'
c:/nxp/mcuxpressoide_11.3.1_5262/ide/plugins/com.nxp.mcuxpresso.tools.win32_11.3.0.202008311133/tools/bin/../lib/gcc/arm-none-eabi/9.3.1/../../../../arm-none-eabi/bin/ld.exe: ./src/main.o: in function `webserver':
C:\Users\student\Documents\Licznik\Licznik\Debug/../src/main.c:933: undefined reference to `Chip_ENET_Set100Mbps'
c:/nxp/mcuxpressoide_11.3.1_5262/ide/plugins/com.nxp.mcuxpresso.tools.win32_11.3.0.202008311133/tools/bin/../lib/gcc/arm-none-eabi/9.3.1/../../../../arm-none-eabi/bin/ld.exe: C:\Users\student\Documents\Licznik\Licznik\Debug/../src/main.c:937: undefined reference to `Chip_ENET_Set10Mbps'
c:/nxp/mcuxpressoide_11.3.1_5262/ide/plugins/com.nxp.mcuxpresso.tools.win32_11.3.0.202008311133/tools/bin/../lib/gcc/arm-none-eabi/9.3.1/../../../../arm-none-eabi/bin/ld.exe: ./lwip/src/core/netif.o: in function `netif_set_up':
C:\Users\student\Documents\Licznik\Licznik\Debug/../lwip/src/core/netif.c:468: undefined reference to `etharp_request'
c:/nxp/mcuxpressoide_11.3.1_5262/ide/plugins/com.nxp.mcuxpresso.tools.win32_11.3.0.202008311133/tools/bin/../lib/gcc/arm-none-eabi/9.3.1/../../../../arm-none-eabi/bin/ld.exe: ./lwip/src/core/netif.o: in function `netif_set_link_up':
C:\Users\student\Documents\Licznik\Licznik\Debug/../lwip/src/core/netif.c:556: undefined reference to `etharp_request'
c:/nxp/mcuxpressoide_11.3.1_5262/ide/plugins/com.nxp.mcuxpresso.tools.win32_11.3.0.202008311133/tools/bin/../lib/gcc/arm-none-eabi/9.3.1/../../../../arm-none-eabi/bin/ld.exe: ./lwip/src/core/timers.o: in function `arp_timer':
C:\Users\student\Documents\Licznik\Licznik\Debug/../lwip/src/core/timers.c:139: undefined reference to `etharp_tmr'
collect2.exe: error: ld returned 1 exit status
make: *** [makefile:37: Licznik.axf] Error 1
"make -r -j16 all" terminated with exit code 2. Build might be incomplete.

19:53:04 Build Failed. 14 errors, 0 warnings. (took 422ms)

